<?xml version="1.0" encoding="UTF-8"?>
<!-- Generated by org.testng.reporters.JUnitReportReporter -->
<testsuite skipped="0" hostname="TEB5J02J3" name="cucumberOptions.TestNGTestRunner" tests="1" failures="0" timestamp="2023-03-03T20:10:32 IST" time="13.313" errors="0">
  <testcase name="runScenario" time="13.313" classname="cucumberOptions.TestNGTestRunner"/>
  <system-out/>
</testsuite> <!-- cucumberOptions.TestNGTestRunner -->
